
simpoint: 7354
pid:      430741
Using ptrace-wait to stop process 430741 after 100000000 instructions...
====================================================
Instruction Count: 100415969
Cycle Count: 98493827
CPI: 0.981
====================================================
====================================================
Instruction Count: 100415969
Cycle Count: 98493827
IPC: 1.020
====================================================
simpoint: 4272
pid:      448434
Using ptrace-wait to stop process 448434 after 100000000 instructions...
====================================================
Instruction Count: 100320036
Cycle Count: 121147287
CPI: 1.208
====================================================
====================================================
Instruction Count: 100320036
Cycle Count: 121147287
IPC: 0.828
====================================================
simpoint: 4294
pid:      459215
Using ptrace-wait to stop process 459215 after 100000000 instructions...
====================================================
Instruction Count: 100281271
Cycle Count: 114982277
CPI: 1.147
====================================================
====================================================
Instruction Count: 100281271
Cycle Count: 114982277
IPC: 0.872
====================================================
simpoint: 4662
pid:      470061
Using ptrace-wait to stop process 470061 after 100000000 instructions...
====================================================
Instruction Count: 100211443
Cycle Count: 117705566
CPI: 1.175
====================================================
====================================================
Instruction Count: 100211443
Cycle Count: 117705566
IPC: 0.851
====================================================
simpoint: 3060
pid:      481739
Using ptrace-wait to stop process 481739 after 100000000 instructions...
====================================================
Instruction Count: 100055089
Cycle Count: 175176825
CPI: 1.751
====================================================
====================================================
Instruction Count: 100055089
Cycle Count: 175176825
IPC: 0.571
====================================================
simpoint: 6695
pid:      489190
Using ptrace-wait to stop process 489190 after 100000000 instructions...
====================================================
Instruction Count: 100069848
Cycle Count: 101241651
CPI: 1.012
====================================================
====================================================
Instruction Count: 100069848
Cycle Count: 101241651
IPC: 0.988
====================================================
simpoint: 6144
pid:      505764
Using ptrace-wait to stop process 505764 after 100000000 instructions...
====================================================
Instruction Count: 100002572
Cycle Count: 115675984
CPI: 1.157
====================================================
====================================================
Instruction Count: 100002572
Cycle Count: 115675984
IPC: 0.865
====================================================
simpoint: 
pid:      548244
Using ptrace-wait to stop process 548244 after 100000000 instructions...
====================================================
Instruction Count: 100193990
Cycle Count: 61782642
CPI: 0.617
====================================================
====================================================
Instruction Count: 100193990
Cycle Count: 61782642
IPC: 1.622
====================================================
simpoint: 
pid:      548249
Using ptrace-wait to stop process 548249 after 100000000 instructions...
====================================================
Instruction Count: 100513909
Cycle Count: 47217677
CPI: 0.470
====================================================
====================================================
Instruction Count: 100513909
Cycle Count: 47217677
IPC: 2.129
====================================================
simpoint: 
pid:      555045
Using ptrace-wait to stop process 555045 after 100000000 instructions...
====================================================
Instruction Count: 100747574
Cycle Count: 35905614
CPI: 0.356
====================================================
====================================================
Instruction Count: 100747574
Cycle Count: 35905614
IPC: 2.806
====================================================
simpoint: 
pid:      560342
Using ptrace-wait to stop process 560342 after 100000000 instructions...
====================================================
Instruction Count: 100880160
Cycle Count: 36799099
CPI: 0.365
====================================================
====================================================
Instruction Count: 100880160
Cycle Count: 36799099
IPC: 2.741
====================================================
